2015/12/26 16:20:05 [log] [application] Mail sent via non-reply@collegecornerstone.com
in C:\wamp\www\CollegeCorner_Ver_2.0\protected\components\Emailer.php (74)
in C:\wamp\www\CollegeCorner_Ver_2.0\protected\modules\account\models\forms\StudentRegisterForm.php (127)
in C:\wamp\www\CollegeCorner_Ver_2.0\protected\modules\account\controllers\front\RegisterController.php (69)
in C:\wamp\www\CollegeCorner_Ver_2.0\protected\components\WebApplicationEndBehavior.php (25)
in C:\wamp\www\CollegeCorner_Ver_2.0\index.php (28)
in C:\wamp\www\CollegeCorner_Ver_2.0\index.php (28)
2015/12/26 16:20:05 [log] [application] Mail sent successfully to mntrentadue@gmail.com
in C:\wamp\www\CollegeCorner_Ver_2.0\protected\components\Emailer.php (75)
in C:\wamp\www\CollegeCorner_Ver_2.0\protected\modules\account\models\forms\StudentRegisterForm.php (127)
in C:\wamp\www\CollegeCorner_Ver_2.0\protected\modules\account\controllers\front\RegisterController.php (69)
in C:\wamp\www\CollegeCorner_Ver_2.0\protected\components\WebApplicationEndBehavior.php (25)
in C:\wamp\www\CollegeCorner_Ver_2.0\index.php (28)
in C:\wamp\www\CollegeCorner_Ver_2.0\index.php (28)
2015/12/26 16:34:17 [log] [application] Mail sent via non-reply@collegecornerstone.com
in C:\wamp\www\CollegeCorner_Ver_2.0\protected\components\Emailer.php (74)
in C:\wamp\www\CollegeCorner_Ver_2.0\protected\modules\account\models\forms\StudentRegisterForm.php (127)
in C:\wamp\www\CollegeCorner_Ver_2.0\protected\modules\account\controllers\front\RegisterController.php (69)
in C:\wamp\www\CollegeCorner_Ver_2.0\protected\components\WebApplicationEndBehavior.php (25)
in C:\wamp\www\CollegeCorner_Ver_2.0\index.php (28)
in C:\wamp\www\CollegeCorner_Ver_2.0\index.php (28)
2015/12/26 16:34:17 [log] [application] Mail sent successfully to mntrentadue@gmail.com
in C:\wamp\www\CollegeCorner_Ver_2.0\protected\components\Emailer.php (75)
in C:\wamp\www\CollegeCorner_Ver_2.0\protected\modules\account\models\forms\StudentRegisterForm.php (127)
in C:\wamp\www\CollegeCorner_Ver_2.0\protected\modules\account\controllers\front\RegisterController.php (69)
in C:\wamp\www\CollegeCorner_Ver_2.0\protected\components\WebApplicationEndBehavior.php (25)
in C:\wamp\www\CollegeCorner_Ver_2.0\index.php (28)
in C:\wamp\www\CollegeCorner_Ver_2.0\index.php (28)
2015/12/26 19:13:02 [log] [application] Mail sent via non-reply@collegecornerstone.com
in C:\wamp\www\CollegeCorner_Ver_2.0\protected\components\Emailer.php (74)
in C:\wamp\www\CollegeCorner_Ver_2.0\protected\modules\account\models\forms\StudentRegisterForm.php (127)
in C:\wamp\www\CollegeCorner_Ver_2.0\protected\modules\account\controllers\front\RegisterController.php (69)
in C:\wamp\www\CollegeCorner_Ver_2.0\protected\components\WebApplicationEndBehavior.php (25)
in C:\wamp\www\CollegeCorner_Ver_2.0\index.php (28)
in C:\wamp\www\CollegeCorner_Ver_2.0\index.php (28)
2015/12/26 19:13:02 [log] [application] Mail sent successfully to mntrentadue@gmail.com
in C:\wamp\www\CollegeCorner_Ver_2.0\protected\components\Emailer.php (75)
in C:\wamp\www\CollegeCorner_Ver_2.0\protected\modules\account\models\forms\StudentRegisterForm.php (127)
in C:\wamp\www\CollegeCorner_Ver_2.0\protected\modules\account\controllers\front\RegisterController.php (69)
in C:\wamp\www\CollegeCorner_Ver_2.0\protected\components\WebApplicationEndBehavior.php (25)
in C:\wamp\www\CollegeCorner_Ver_2.0\index.php (28)
in C:\wamp\www\CollegeCorner_Ver_2.0\index.php (28)
2015/12/26 19:13:47 [log] [application] Mail sent via non-reply@collegecornerstone.com
in C:\wamp\www\CollegeCorner_Ver_2.0\protected\components\Emailer.php (74)
in C:\wamp\www\CollegeCorner_Ver_2.0\protected\modules\account\models\forms\StudentRegisterForm.php (127)
in C:\wamp\www\CollegeCorner_Ver_2.0\protected\modules\account\controllers\front\RegisterController.php (69)
in C:\wamp\www\CollegeCorner_Ver_2.0\protected\components\WebApplicationEndBehavior.php (25)
in C:\wamp\www\CollegeCorner_Ver_2.0\index.php (28)
in C:\wamp\www\CollegeCorner_Ver_2.0\index.php (28)
2015/12/26 19:13:47 [log] [application] Mail sent successfully to mntrentadue@gmail.com
in C:\wamp\www\CollegeCorner_Ver_2.0\protected\components\Emailer.php (75)
in C:\wamp\www\CollegeCorner_Ver_2.0\protected\modules\account\models\forms\StudentRegisterForm.php (127)
in C:\wamp\www\CollegeCorner_Ver_2.0\protected\modules\account\controllers\front\RegisterController.php (69)
in C:\wamp\www\CollegeCorner_Ver_2.0\protected\components\WebApplicationEndBehavior.php (25)
in C:\wamp\www\CollegeCorner_Ver_2.0\index.php (28)
in C:\wamp\www\CollegeCorner_Ver_2.0\index.php (28)
2015/12/26 19:16:23 [log] [application] Mail sent via non-reply@collegecornerstone.com
in C:\wamp\www\CollegeCorner_Ver_2.0\protected\components\Emailer.php (74)
in C:\wamp\www\CollegeCorner_Ver_2.0\protected\modules\account\models\forms\StudentRegisterForm.php (127)
in C:\wamp\www\CollegeCorner_Ver_2.0\protected\modules\account\controllers\front\RegisterController.php (69)
in C:\wamp\www\CollegeCorner_Ver_2.0\protected\components\WebApplicationEndBehavior.php (25)
in C:\wamp\www\CollegeCorner_Ver_2.0\index.php (28)
in C:\wamp\www\CollegeCorner_Ver_2.0\index.php (28)
2015/12/26 19:16:23 [log] [application] Mail sent successfully to mntrentadue@gmail.com
in C:\wamp\www\CollegeCorner_Ver_2.0\protected\components\Emailer.php (75)
in C:\wamp\www\CollegeCorner_Ver_2.0\protected\modules\account\models\forms\StudentRegisterForm.php (127)
in C:\wamp\www\CollegeCorner_Ver_2.0\protected\modules\account\controllers\front\RegisterController.php (69)
in C:\wamp\www\CollegeCorner_Ver_2.0\protected\components\WebApplicationEndBehavior.php (25)
in C:\wamp\www\CollegeCorner_Ver_2.0\index.php (28)
in C:\wamp\www\CollegeCorner_Ver_2.0\index.php (28)
2015/12/26 19:28:41 [log] [application] Mail sent via non-reply@collegecornerstone.com
in C:\wamp\www\CollegeCorner_Ver_2.0\protected\components\Emailer.php (74)
in C:\wamp\www\CollegeCorner_Ver_2.0\protected\modules\account\models\forms\StudentRegisterForm.php (127)
in C:\wamp\www\CollegeCorner_Ver_2.0\protected\modules\account\controllers\front\RegisterController.php (69)
in C:\wamp\www\CollegeCorner_Ver_2.0\protected\components\WebApplicationEndBehavior.php (25)
in C:\wamp\www\CollegeCorner_Ver_2.0\index.php (28)
in C:\wamp\www\CollegeCorner_Ver_2.0\index.php (28)
2015/12/26 19:28:41 [log] [application] Mail sent successfully to mntrentadue@gmail.com
in C:\wamp\www\CollegeCorner_Ver_2.0\protected\components\Emailer.php (75)
in C:\wamp\www\CollegeCorner_Ver_2.0\protected\modules\account\models\forms\StudentRegisterForm.php (127)
in C:\wamp\www\CollegeCorner_Ver_2.0\protected\modules\account\controllers\front\RegisterController.php (69)
in C:\wamp\www\CollegeCorner_Ver_2.0\protected\components\WebApplicationEndBehavior.php (25)
in C:\wamp\www\CollegeCorner_Ver_2.0\index.php (28)
in C:\wamp\www\CollegeCorner_Ver_2.0\index.php (28)
2015/12/26 23:12:51 [log] [application] Mail sent via non-reply@collegecornerstone.com
in C:\wamp\www\CollegeCorner_Ver_2.0\protected\components\Emailer.php (74)
in C:\wamp\www\CollegeCorner_Ver_2.0\protected\modules\account\models\forms\StudentRegisterForm.php (127)
in C:\wamp\www\CollegeCorner_Ver_2.0\protected\modules\account\controllers\front\RegisterController.php (69)
in C:\wamp\www\CollegeCorner_Ver_2.0\protected\components\WebApplicationEndBehavior.php (25)
in C:\wamp\www\CollegeCorner_Ver_2.0\index.php (28)
in C:\wamp\www\CollegeCorner_Ver_2.0\index.php (28)
2015/12/26 23:12:51 [log] [application] Mail sent successfully to mntrentadue@gmail.com
in C:\wamp\www\CollegeCorner_Ver_2.0\protected\components\Emailer.php (75)
in C:\wamp\www\CollegeCorner_Ver_2.0\protected\modules\account\models\forms\StudentRegisterForm.php (127)
in C:\wamp\www\CollegeCorner_Ver_2.0\protected\modules\account\controllers\front\RegisterController.php (69)
in C:\wamp\www\CollegeCorner_Ver_2.0\protected\components\WebApplicationEndBehavior.php (25)
in C:\wamp\www\CollegeCorner_Ver_2.0\index.php (28)
in C:\wamp\www\CollegeCorner_Ver_2.0\index.php (28)
2015/12/26 23:16:13 [log] [application] Mail sent via non-reply@collegecornerstone.com
in C:\wamp\www\CollegeCorner_Ver_2.0\protected\components\Emailer.php (74)
in C:\wamp\www\CollegeCorner_Ver_2.0\protected\modules\account\models\forms\StudentRegisterForm.php (127)
in C:\wamp\www\CollegeCorner_Ver_2.0\protected\modules\account\controllers\front\RegisterController.php (69)
in C:\wamp\www\CollegeCorner_Ver_2.0\protected\components\WebApplicationEndBehavior.php (25)
in C:\wamp\www\CollegeCorner_Ver_2.0\index.php (28)
in C:\wamp\www\CollegeCorner_Ver_2.0\index.php (28)
2015/12/26 23:16:13 [log] [application] Mail sent successfully to mntrentadue@gmail.com
in C:\wamp\www\CollegeCorner_Ver_2.0\protected\components\Emailer.php (75)
in C:\wamp\www\CollegeCorner_Ver_2.0\protected\modules\account\models\forms\StudentRegisterForm.php (127)
in C:\wamp\www\CollegeCorner_Ver_2.0\protected\modules\account\controllers\front\RegisterController.php (69)
in C:\wamp\www\CollegeCorner_Ver_2.0\protected\components\WebApplicationEndBehavior.php (25)
in C:\wamp\www\CollegeCorner_Ver_2.0\index.php (28)
in C:\wamp\www\CollegeCorner_Ver_2.0\index.php (28)
2015/12/26 23:20:58 [log] [application] Mail sent via non-reply@collegecornerstone.com
in C:\wamp\www\CollegeCorner_Ver_2.0\protected\components\Emailer.php (74)
in C:\wamp\www\CollegeCorner_Ver_2.0\protected\modules\account\models\forms\StudentRegisterForm.php (127)
in C:\wamp\www\CollegeCorner_Ver_2.0\protected\modules\account\controllers\front\RegisterController.php (69)
in C:\wamp\www\CollegeCorner_Ver_2.0\protected\components\WebApplicationEndBehavior.php (25)
in C:\wamp\www\CollegeCorner_Ver_2.0\index.php (28)
in C:\wamp\www\CollegeCorner_Ver_2.0\index.php (28)
2015/12/26 23:20:58 [log] [application] Mail sent successfully to mntrentadue@gmail.com
in C:\wamp\www\CollegeCorner_Ver_2.0\protected\components\Emailer.php (75)
in C:\wamp\www\CollegeCorner_Ver_2.0\protected\modules\account\models\forms\StudentRegisterForm.php (127)
in C:\wamp\www\CollegeCorner_Ver_2.0\protected\modules\account\controllers\front\RegisterController.php (69)
in C:\wamp\www\CollegeCorner_Ver_2.0\protected\components\WebApplicationEndBehavior.php (25)
in C:\wamp\www\CollegeCorner_Ver_2.0\index.php (28)
in C:\wamp\www\CollegeCorner_Ver_2.0\index.php (28)
2015/12/26 23:34:35 [log] [application] Mail sent via non-reply@collegecornerstone.com
in C:\wamp\www\CollegeCorner_Ver_2.0\protected\components\Emailer.php (74)
in C:\wamp\www\CollegeCorner_Ver_2.0\protected\modules\account\models\forms\StudentRegisterForm.php (127)
in C:\wamp\www\CollegeCorner_Ver_2.0\protected\modules\account\controllers\front\RegisterController.php (69)
in C:\wamp\www\CollegeCorner_Ver_2.0\protected\components\WebApplicationEndBehavior.php (25)
in C:\wamp\www\CollegeCorner_Ver_2.0\index.php (28)
in C:\wamp\www\CollegeCorner_Ver_2.0\index.php (28)
2015/12/26 23:34:35 [log] [application] Mail sent successfully to mntrentadue@gmail.com
in C:\wamp\www\CollegeCorner_Ver_2.0\protected\components\Emailer.php (75)
in C:\wamp\www\CollegeCorner_Ver_2.0\protected\modules\account\models\forms\StudentRegisterForm.php (127)
in C:\wamp\www\CollegeCorner_Ver_2.0\protected\modules\account\controllers\front\RegisterController.php (69)
in C:\wamp\www\CollegeCorner_Ver_2.0\protected\components\WebApplicationEndBehavior.php (25)
in C:\wamp\www\CollegeCorner_Ver_2.0\index.php (28)
in C:\wamp\www\CollegeCorner_Ver_2.0\index.php (28)
2015/12/26 23:36:16 [log] [application] Mail sent via non-reply@collegecornerstone.com
in C:\wamp\www\CollegeCorner_Ver_2.0\protected\components\Emailer.php (74)
in C:\wamp\www\CollegeCorner_Ver_2.0\protected\modules\account\models\forms\StudentRegisterForm.php (127)
in C:\wamp\www\CollegeCorner_Ver_2.0\protected\modules\account\controllers\front\RegisterController.php (69)
in C:\wamp\www\CollegeCorner_Ver_2.0\protected\components\WebApplicationEndBehavior.php (25)
in C:\wamp\www\CollegeCorner_Ver_2.0\index.php (28)
in C:\wamp\www\CollegeCorner_Ver_2.0\index.php (28)
2015/12/26 23:36:16 [log] [application] Mail sent successfully to mntrentadue@gmail.com
in C:\wamp\www\CollegeCorner_Ver_2.0\protected\components\Emailer.php (75)
in C:\wamp\www\CollegeCorner_Ver_2.0\protected\modules\account\models\forms\StudentRegisterForm.php (127)
in C:\wamp\www\CollegeCorner_Ver_2.0\protected\modules\account\controllers\front\RegisterController.php (69)
in C:\wamp\www\CollegeCorner_Ver_2.0\protected\components\WebApplicationEndBehavior.php (25)
in C:\wamp\www\CollegeCorner_Ver_2.0\index.php (28)
in C:\wamp\www\CollegeCorner_Ver_2.0\index.php (28)
2015/12/26 23:47:45 [log] [application] Mail sent via non-reply@collegecornerstone.com
in C:\wamp\www\CollegeCorner_Ver_2.0\protected\components\Emailer.php (74)
in C:\wamp\www\CollegeCorner_Ver_2.0\protected\modules\account\models\forms\StudentRegisterForm.php (127)
in C:\wamp\www\CollegeCorner_Ver_2.0\protected\modules\account\controllers\front\RegisterController.php (69)
in C:\wamp\www\CollegeCorner_Ver_2.0\protected\components\WebApplicationEndBehavior.php (25)
in C:\wamp\www\CollegeCorner_Ver_2.0\index.php (28)
in C:\wamp\www\CollegeCorner_Ver_2.0\index.php (28)
2015/12/26 23:47:45 [log] [application] Mail sent successfully to mntrentadue@gmail.com
in C:\wamp\www\CollegeCorner_Ver_2.0\protected\components\Emailer.php (75)
in C:\wamp\www\CollegeCorner_Ver_2.0\protected\modules\account\models\forms\StudentRegisterForm.php (127)
in C:\wamp\www\CollegeCorner_Ver_2.0\protected\modules\account\controllers\front\RegisterController.php (69)
in C:\wamp\www\CollegeCorner_Ver_2.0\protected\components\WebApplicationEndBehavior.php (25)
in C:\wamp\www\CollegeCorner_Ver_2.0\index.php (28)
in C:\wamp\www\CollegeCorner_Ver_2.0\index.php (28)
2015/12/26 23:51:05 [log] [application] Mail sent via non-reply@collegecornerstone.com
in C:\wamp\www\CollegeCorner_Ver_2.0\protected\components\Emailer.php (74)
in C:\wamp\www\CollegeCorner_Ver_2.0\protected\modules\account\models\forms\StudentRegisterForm.php (127)
in C:\wamp\www\CollegeCorner_Ver_2.0\protected\modules\account\controllers\front\RegisterController.php (69)
in C:\wamp\www\CollegeCorner_Ver_2.0\protected\components\WebApplicationEndBehavior.php (25)
in C:\wamp\www\CollegeCorner_Ver_2.0\index.php (28)
in C:\wamp\www\CollegeCorner_Ver_2.0\index.php (28)
2015/12/26 23:51:05 [log] [application] Mail sent successfully to mntrentadue@gmail.com
in C:\wamp\www\CollegeCorner_Ver_2.0\protected\components\Emailer.php (75)
in C:\wamp\www\CollegeCorner_Ver_2.0\protected\modules\account\models\forms\StudentRegisterForm.php (127)
in C:\wamp\www\CollegeCorner_Ver_2.0\protected\modules\account\controllers\front\RegisterController.php (69)
in C:\wamp\www\CollegeCorner_Ver_2.0\protected\components\WebApplicationEndBehavior.php (25)
in C:\wamp\www\CollegeCorner_Ver_2.0\index.php (28)
in C:\wamp\www\CollegeCorner_Ver_2.0\index.php (28)
2015/12/26 23:53:54 [log] [application] Mail sent via non-reply@collegecornerstone.com
in C:\wamp\www\CollegeCorner_Ver_2.0\protected\components\Emailer.php (74)
in C:\wamp\www\CollegeCorner_Ver_2.0\protected\modules\account\models\forms\StudentRegisterForm.php (127)
in C:\wamp\www\CollegeCorner_Ver_2.0\protected\modules\account\controllers\front\RegisterController.php (69)
in C:\wamp\www\CollegeCorner_Ver_2.0\protected\components\WebApplicationEndBehavior.php (25)
in C:\wamp\www\CollegeCorner_Ver_2.0\index.php (28)
in C:\wamp\www\CollegeCorner_Ver_2.0\index.php (28)
2015/12/26 23:53:54 [log] [application] Mail sent successfully to mntrentadue@gmail.com
in C:\wamp\www\CollegeCorner_Ver_2.0\protected\components\Emailer.php (75)
in C:\wamp\www\CollegeCorner_Ver_2.0\protected\modules\account\models\forms\StudentRegisterForm.php (127)
in C:\wamp\www\CollegeCorner_Ver_2.0\protected\modules\account\controllers\front\RegisterController.php (69)
in C:\wamp\www\CollegeCorner_Ver_2.0\protected\components\WebApplicationEndBehavior.php (25)
in C:\wamp\www\CollegeCorner_Ver_2.0\index.php (28)
in C:\wamp\www\CollegeCorner_Ver_2.0\index.php (28)
2015/12/26 23:58:21 [log] [application] Mail sent via non-reply@collegecornerstone.com
in C:\wamp\www\CollegeCorner_Ver_2.0\protected\components\Emailer.php (74)
in C:\wamp\www\CollegeCorner_Ver_2.0\protected\modules\account\models\forms\StudentRegisterForm.php (127)
in C:\wamp\www\CollegeCorner_Ver_2.0\protected\modules\account\controllers\front\RegisterController.php (69)
in C:\wamp\www\CollegeCorner_Ver_2.0\protected\components\WebApplicationEndBehavior.php (25)
in C:\wamp\www\CollegeCorner_Ver_2.0\index.php (28)
in C:\wamp\www\CollegeCorner_Ver_2.0\index.php (28)
2015/12/26 23:58:21 [log] [application] Mail sent successfully to mntrentadue@gmail.com
in C:\wamp\www\CollegeCorner_Ver_2.0\protected\components\Emailer.php (75)
in C:\wamp\www\CollegeCorner_Ver_2.0\protected\modules\account\models\forms\StudentRegisterForm.php (127)
in C:\wamp\www\CollegeCorner_Ver_2.0\protected\modules\account\controllers\front\RegisterController.php (69)
in C:\wamp\www\CollegeCorner_Ver_2.0\protected\components\WebApplicationEndBehavior.php (25)
in C:\wamp\www\CollegeCorner_Ver_2.0\index.php (28)
in C:\wamp\www\CollegeCorner_Ver_2.0\index.php (28)
2015/12/26 23:59:54 [log] [application] Mail sent via non-reply@collegecornerstone.com
in C:\wamp\www\CollegeCorner_Ver_2.0\protected\components\Emailer.php (74)
in C:\wamp\www\CollegeCorner_Ver_2.0\protected\modules\account\models\forms\StudentRegisterForm.php (127)
in C:\wamp\www\CollegeCorner_Ver_2.0\protected\modules\account\controllers\front\RegisterController.php (69)
in C:\wamp\www\CollegeCorner_Ver_2.0\protected\components\WebApplicationEndBehavior.php (25)
in C:\wamp\www\CollegeCorner_Ver_2.0\index.php (28)
in C:\wamp\www\CollegeCorner_Ver_2.0\index.php (28)
2015/12/26 23:59:54 [log] [application] Mail sent successfully to mntrentadue@gmail.com
in C:\wamp\www\CollegeCorner_Ver_2.0\protected\components\Emailer.php (75)
in C:\wamp\www\CollegeCorner_Ver_2.0\protected\modules\account\models\forms\StudentRegisterForm.php (127)
in C:\wamp\www\CollegeCorner_Ver_2.0\protected\modules\account\controllers\front\RegisterController.php (69)
in C:\wamp\www\CollegeCorner_Ver_2.0\protected\components\WebApplicationEndBehavior.php (25)
in C:\wamp\www\CollegeCorner_Ver_2.0\index.php (28)
in C:\wamp\www\CollegeCorner_Ver_2.0\index.php (28)
2015/12/27 00:01:46 [log] [application] Mail sent via non-reply@collegecornerstone.com
in C:\wamp\www\CollegeCorner_Ver_2.0\protected\components\Emailer.php (74)
in C:\wamp\www\CollegeCorner_Ver_2.0\protected\modules\account\models\forms\StudentRegisterForm.php (127)
in C:\wamp\www\CollegeCorner_Ver_2.0\protected\modules\account\controllers\front\RegisterController.php (69)
in C:\wamp\www\CollegeCorner_Ver_2.0\protected\components\WebApplicationEndBehavior.php (25)
in C:\wamp\www\CollegeCorner_Ver_2.0\index.php (28)
in C:\wamp\www\CollegeCorner_Ver_2.0\index.php (28)
2015/12/27 00:01:46 [log] [application] Mail sent successfully to mntrentadue@gmail.com
in C:\wamp\www\CollegeCorner_Ver_2.0\protected\components\Emailer.php (75)
in C:\wamp\www\CollegeCorner_Ver_2.0\protected\modules\account\models\forms\StudentRegisterForm.php (127)
in C:\wamp\www\CollegeCorner_Ver_2.0\protected\modules\account\controllers\front\RegisterController.php (69)
in C:\wamp\www\CollegeCorner_Ver_2.0\protected\components\WebApplicationEndBehavior.php (25)
in C:\wamp\www\CollegeCorner_Ver_2.0\index.php (28)
in C:\wamp\www\CollegeCorner_Ver_2.0\index.php (28)
2015/12/27 00:04:43 [log] [application] Mail sent via non-reply@collegecornerstone.com
in C:\wamp\www\CollegeCorner_Ver_2.0\protected\components\Emailer.php (74)
in C:\wamp\www\CollegeCorner_Ver_2.0\protected\modules\account\models\forms\StudentRegisterForm.php (127)
in C:\wamp\www\CollegeCorner_Ver_2.0\protected\modules\account\controllers\front\RegisterController.php (69)
in C:\wamp\www\CollegeCorner_Ver_2.0\protected\components\WebApplicationEndBehavior.php (25)
in C:\wamp\www\CollegeCorner_Ver_2.0\index.php (28)
in C:\wamp\www\CollegeCorner_Ver_2.0\index.php (28)
2015/12/27 00:04:43 [log] [application] Mail sent successfully to mntrentadue@gmail.com
in C:\wamp\www\CollegeCorner_Ver_2.0\protected\components\Emailer.php (75)
in C:\wamp\www\CollegeCorner_Ver_2.0\protected\modules\account\models\forms\StudentRegisterForm.php (127)
in C:\wamp\www\CollegeCorner_Ver_2.0\protected\modules\account\controllers\front\RegisterController.php (69)
in C:\wamp\www\CollegeCorner_Ver_2.0\protected\components\WebApplicationEndBehavior.php (25)
in C:\wamp\www\CollegeCorner_Ver_2.0\index.php (28)
in C:\wamp\www\CollegeCorner_Ver_2.0\index.php (28)
2015/12/27 00:16:06 [log] [application] Mail sent via non-reply@collegecornerstone.com
in C:\wamp\www\CollegeCorner_Ver_2.0\protected\components\Emailer.php (74)
in C:\wamp\www\CollegeCorner_Ver_2.0\protected\modules\account\models\forms\StudentRegisterForm.php (127)
in C:\wamp\www\CollegeCorner_Ver_2.0\protected\modules\account\controllers\front\RegisterController.php (69)
in C:\wamp\www\CollegeCorner_Ver_2.0\protected\components\WebApplicationEndBehavior.php (25)
in C:\wamp\www\CollegeCorner_Ver_2.0\index.php (28)
in C:\wamp\www\CollegeCorner_Ver_2.0\index.php (28)
2015/12/27 00:16:06 [log] [application] Mail sent successfully to mntrentadue@gmail.com
in C:\wamp\www\CollegeCorner_Ver_2.0\protected\components\Emailer.php (75)
in C:\wamp\www\CollegeCorner_Ver_2.0\protected\modules\account\models\forms\StudentRegisterForm.php (127)
in C:\wamp\www\CollegeCorner_Ver_2.0\protected\modules\account\controllers\front\RegisterController.php (69)
in C:\wamp\www\CollegeCorner_Ver_2.0\protected\components\WebApplicationEndBehavior.php (25)
in C:\wamp\www\CollegeCorner_Ver_2.0\index.php (28)
in C:\wamp\www\CollegeCorner_Ver_2.0\index.php (28)
2015/12/27 00:19:51 [log] [application] Mail sent via non-reply@collegecornerstone.com
in C:\wamp\www\CollegeCorner_Ver_2.0\protected\components\Emailer.php (74)
in C:\wamp\www\CollegeCorner_Ver_2.0\protected\modules\account\models\forms\StudentRegisterForm.php (127)
in C:\wamp\www\CollegeCorner_Ver_2.0\protected\modules\account\controllers\front\RegisterController.php (69)
in C:\wamp\www\CollegeCorner_Ver_2.0\protected\components\WebApplicationEndBehavior.php (25)
in C:\wamp\www\CollegeCorner_Ver_2.0\index.php (28)
in C:\wamp\www\CollegeCorner_Ver_2.0\index.php (28)
2015/12/27 00:19:51 [log] [application] Mail sent successfully to mntrentadue@gmail.com
in C:\wamp\www\CollegeCorner_Ver_2.0\protected\components\Emailer.php (75)
in C:\wamp\www\CollegeCorner_Ver_2.0\protected\modules\account\models\forms\StudentRegisterForm.php (127)
in C:\wamp\www\CollegeCorner_Ver_2.0\protected\modules\account\controllers\front\RegisterController.php (69)
in C:\wamp\www\CollegeCorner_Ver_2.0\protected\components\WebApplicationEndBehavior.php (25)
in C:\wamp\www\CollegeCorner_Ver_2.0\index.php (28)
in C:\wamp\www\CollegeCorner_Ver_2.0\index.php (28)
2015/12/27 00:21:56 [log] [application] Mail sent via non-reply@collegecornerstone.com
in C:\wamp\www\CollegeCorner_Ver_2.0\protected\components\Emailer.php (74)
in C:\wamp\www\CollegeCorner_Ver_2.0\protected\modules\account\models\forms\StudentRegisterForm.php (127)
in C:\wamp\www\CollegeCorner_Ver_2.0\protected\modules\account\controllers\front\RegisterController.php (69)
in C:\wamp\www\CollegeCorner_Ver_2.0\protected\components\WebApplicationEndBehavior.php (25)
in C:\wamp\www\CollegeCorner_Ver_2.0\index.php (28)
in C:\wamp\www\CollegeCorner_Ver_2.0\index.php (28)
2015/12/27 00:21:56 [log] [application] Mail sent successfully to mntrentadue@gmail.com
in C:\wamp\www\CollegeCorner_Ver_2.0\protected\components\Emailer.php (75)
in C:\wamp\www\CollegeCorner_Ver_2.0\protected\modules\account\models\forms\StudentRegisterForm.php (127)
in C:\wamp\www\CollegeCorner_Ver_2.0\protected\modules\account\controllers\front\RegisterController.php (69)
in C:\wamp\www\CollegeCorner_Ver_2.0\protected\components\WebApplicationEndBehavior.php (25)
in C:\wamp\www\CollegeCorner_Ver_2.0\index.php (28)
in C:\wamp\www\CollegeCorner_Ver_2.0\index.php (28)
2015/12/27 00:25:09 [log] [application] Mail sent via non-reply@collegecornerstone.com
in C:\wamp\www\CollegeCorner_Ver_2.0\protected\components\Emailer.php (74)
in C:\wamp\www\CollegeCorner_Ver_2.0\protected\modules\account\models\forms\StudentRegisterForm.php (127)
in C:\wamp\www\CollegeCorner_Ver_2.0\protected\modules\account\controllers\front\RegisterController.php (69)
in C:\wamp\www\CollegeCorner_Ver_2.0\protected\components\WebApplicationEndBehavior.php (25)
in C:\wamp\www\CollegeCorner_Ver_2.0\index.php (28)
in C:\wamp\www\CollegeCorner_Ver_2.0\index.php (28)
2015/12/27 00:25:09 [log] [application] Mail sent successfully to mntrentadue@gmail.com
in C:\wamp\www\CollegeCorner_Ver_2.0\protected\components\Emailer.php (75)
in C:\wamp\www\CollegeCorner_Ver_2.0\protected\modules\account\models\forms\StudentRegisterForm.php (127)
in C:\wamp\www\CollegeCorner_Ver_2.0\protected\modules\account\controllers\front\RegisterController.php (69)
in C:\wamp\www\CollegeCorner_Ver_2.0\protected\components\WebApplicationEndBehavior.php (25)
in C:\wamp\www\CollegeCorner_Ver_2.0\index.php (28)
in C:\wamp\www\CollegeCorner_Ver_2.0\index.php (28)
2015/12/27 00:28:08 [log] [application] Mail sent via non-reply@collegecornerstone.com
in C:\wamp\www\CollegeCorner_Ver_2.0\protected\components\Emailer.php (74)
in C:\wamp\www\CollegeCorner_Ver_2.0\protected\modules\account\models\forms\StudentRegisterForm.php (127)
in C:\wamp\www\CollegeCorner_Ver_2.0\protected\modules\account\controllers\front\RegisterController.php (69)
in C:\wamp\www\CollegeCorner_Ver_2.0\protected\components\WebApplicationEndBehavior.php (25)
in C:\wamp\www\CollegeCorner_Ver_2.0\index.php (28)
in C:\wamp\www\CollegeCorner_Ver_2.0\index.php (28)
2015/12/27 00:28:08 [log] [application] Mail sent successfully to mntrentadue@gmail.com
in C:\wamp\www\CollegeCorner_Ver_2.0\protected\components\Emailer.php (75)
in C:\wamp\www\CollegeCorner_Ver_2.0\protected\modules\account\models\forms\StudentRegisterForm.php (127)
in C:\wamp\www\CollegeCorner_Ver_2.0\protected\modules\account\controllers\front\RegisterController.php (69)
in C:\wamp\www\CollegeCorner_Ver_2.0\protected\components\WebApplicationEndBehavior.php (25)
in C:\wamp\www\CollegeCorner_Ver_2.0\index.php (28)
in C:\wamp\www\CollegeCorner_Ver_2.0\index.php (28)
2015/12/27 00:43:37 [log] [application] Mail sent via non-reply@collegecornerstone.com
in C:\wamp\www\CollegeCorner_Ver_2.0\protected\components\Emailer.php (74)
in C:\wamp\www\CollegeCorner_Ver_2.0\protected\modules\account\models\forms\StudentRegisterForm.php (127)
in C:\wamp\www\CollegeCorner_Ver_2.0\protected\modules\account\controllers\front\RegisterController.php (69)
in C:\wamp\www\CollegeCorner_Ver_2.0\protected\components\WebApplicationEndBehavior.php (25)
in C:\wamp\www\CollegeCorner_Ver_2.0\index.php (28)
in C:\wamp\www\CollegeCorner_Ver_2.0\index.php (28)
2015/12/27 00:43:37 [log] [application] Mail sent successfully to mntrentadue@gmail.com
in C:\wamp\www\CollegeCorner_Ver_2.0\protected\components\Emailer.php (75)
in C:\wamp\www\CollegeCorner_Ver_2.0\protected\modules\account\models\forms\StudentRegisterForm.php (127)
in C:\wamp\www\CollegeCorner_Ver_2.0\protected\modules\account\controllers\front\RegisterController.php (69)
in C:\wamp\www\CollegeCorner_Ver_2.0\protected\components\WebApplicationEndBehavior.php (25)
in C:\wamp\www\CollegeCorner_Ver_2.0\index.php (28)
in C:\wamp\www\CollegeCorner_Ver_2.0\index.php (28)
2015/12/27 00:47:19 [log] [application] Mail sent via non-reply@collegecornerstone.com
in C:\wamp\www\CollegeCorner_Ver_2.0\protected\components\Emailer.php (74)
in C:\wamp\www\CollegeCorner_Ver_2.0\protected\modules\account\models\forms\StudentRegisterForm.php (127)
in C:\wamp\www\CollegeCorner_Ver_2.0\protected\modules\account\controllers\front\RegisterController.php (69)
in C:\wamp\www\CollegeCorner_Ver_2.0\protected\components\WebApplicationEndBehavior.php (25)
in C:\wamp\www\CollegeCorner_Ver_2.0\index.php (28)
in C:\wamp\www\CollegeCorner_Ver_2.0\index.php (28)
2015/12/27 00:47:19 [log] [application] Mail sent successfully to mntrentadue@gmail.com
in C:\wamp\www\CollegeCorner_Ver_2.0\protected\components\Emailer.php (75)
in C:\wamp\www\CollegeCorner_Ver_2.0\protected\modules\account\models\forms\StudentRegisterForm.php (127)
in C:\wamp\www\CollegeCorner_Ver_2.0\protected\modules\account\controllers\front\RegisterController.php (69)
in C:\wamp\www\CollegeCorner_Ver_2.0\protected\components\WebApplicationEndBehavior.php (25)
in C:\wamp\www\CollegeCorner_Ver_2.0\index.php (28)
in C:\wamp\www\CollegeCorner_Ver_2.0\index.php (28)
2015/12/27 01:02:27 [log] [application] Mail sent via non-reply@collegecornerstone.com
in C:\wamp\www\CollegeCorner_Ver_2.0\protected\components\Emailer.php (74)
in C:\wamp\www\CollegeCorner_Ver_2.0\protected\modules\account\models\forms\StudentRegisterForm.php (127)
in C:\wamp\www\CollegeCorner_Ver_2.0\protected\modules\account\controllers\front\RegisterController.php (69)
in C:\wamp\www\CollegeCorner_Ver_2.0\protected\components\WebApplicationEndBehavior.php (25)
in C:\wamp\www\CollegeCorner_Ver_2.0\index.php (28)
in C:\wamp\www\CollegeCorner_Ver_2.0\index.php (28)
2015/12/27 01:02:27 [log] [application] Mail sent successfully to mntrentadue@gmail.com
in C:\wamp\www\CollegeCorner_Ver_2.0\protected\components\Emailer.php (75)
in C:\wamp\www\CollegeCorner_Ver_2.0\protected\modules\account\models\forms\StudentRegisterForm.php (127)
in C:\wamp\www\CollegeCorner_Ver_2.0\protected\modules\account\controllers\front\RegisterController.php (69)
in C:\wamp\www\CollegeCorner_Ver_2.0\protected\components\WebApplicationEndBehavior.php (25)
in C:\wamp\www\CollegeCorner_Ver_2.0\index.php (28)
in C:\wamp\www\CollegeCorner_Ver_2.0\index.php (28)
2015/12/27 01:15:45 [log] [application] Mail sent via non-reply@collegecornerstone.com
in C:\wamp\www\CollegeCorner_Ver_2.0\protected\components\Emailer.php (74)
in C:\wamp\www\CollegeCorner_Ver_2.0\protected\modules\account\models\forms\StudentRegisterForm.php (127)
in C:\wamp\www\CollegeCorner_Ver_2.0\protected\modules\account\controllers\front\RegisterController.php (69)
in C:\wamp\www\CollegeCorner_Ver_2.0\protected\components\WebApplicationEndBehavior.php (25)
in C:\wamp\www\CollegeCorner_Ver_2.0\index.php (28)
in C:\wamp\www\CollegeCorner_Ver_2.0\index.php (28)
2015/12/27 01:15:45 [log] [application] Mail sent successfully to mntrentadue@gmail.com
in C:\wamp\www\CollegeCorner_Ver_2.0\protected\components\Emailer.php (75)
in C:\wamp\www\CollegeCorner_Ver_2.0\protected\modules\account\models\forms\StudentRegisterForm.php (127)
in C:\wamp\www\CollegeCorner_Ver_2.0\protected\modules\account\controllers\front\RegisterController.php (69)
in C:\wamp\www\CollegeCorner_Ver_2.0\protected\components\WebApplicationEndBehavior.php (25)
in C:\wamp\www\CollegeCorner_Ver_2.0\index.php (28)
in C:\wamp\www\CollegeCorner_Ver_2.0\index.php (28)
2015/12/27 01:22:17 [log] [application] Mail sent via non-reply@collegecornerstone.com
in C:\wamp\www\CollegeCorner_Ver_2.0\protected\components\Emailer.php (74)
in C:\wamp\www\CollegeCorner_Ver_2.0\protected\modules\account\models\forms\StudentRegisterForm.php (127)
in C:\wamp\www\CollegeCorner_Ver_2.0\protected\modules\account\controllers\front\RegisterController.php (69)
in C:\wamp\www\CollegeCorner_Ver_2.0\protected\components\WebApplicationEndBehavior.php (25)
in C:\wamp\www\CollegeCorner_Ver_2.0\index.php (28)
in C:\wamp\www\CollegeCorner_Ver_2.0\index.php (28)
2015/12/27 01:22:17 [log] [application] Mail sent successfully to mntrentadue@gmail.com
in C:\wamp\www\CollegeCorner_Ver_2.0\protected\components\Emailer.php (75)
in C:\wamp\www\CollegeCorner_Ver_2.0\protected\modules\account\models\forms\StudentRegisterForm.php (127)
in C:\wamp\www\CollegeCorner_Ver_2.0\protected\modules\account\controllers\front\RegisterController.php (69)
in C:\wamp\www\CollegeCorner_Ver_2.0\protected\components\WebApplicationEndBehavior.php (25)
in C:\wamp\www\CollegeCorner_Ver_2.0\index.php (28)
in C:\wamp\www\CollegeCorner_Ver_2.0\index.php (28)
2015/12/27 01:29:13 [log] [application] Mail sent via non-reply@collegecornerstone.com
in C:\wamp\www\CollegeCorner_Ver_2.0\protected\components\Emailer.php (74)
in C:\wamp\www\CollegeCorner_Ver_2.0\protected\modules\account\models\forms\StudentRegisterForm.php (127)
in C:\wamp\www\CollegeCorner_Ver_2.0\protected\modules\account\controllers\front\RegisterController.php (69)
in C:\wamp\www\CollegeCorner_Ver_2.0\protected\components\WebApplicationEndBehavior.php (25)
in C:\wamp\www\CollegeCorner_Ver_2.0\index.php (28)
in C:\wamp\www\CollegeCorner_Ver_2.0\index.php (28)
2015/12/27 01:29:13 [log] [application] Mail sent successfully to mntrentadue@gmail.com
in C:\wamp\www\CollegeCorner_Ver_2.0\protected\components\Emailer.php (75)
in C:\wamp\www\CollegeCorner_Ver_2.0\protected\modules\account\models\forms\StudentRegisterForm.php (127)
in C:\wamp\www\CollegeCorner_Ver_2.0\protected\modules\account\controllers\front\RegisterController.php (69)
in C:\wamp\www\CollegeCorner_Ver_2.0\protected\components\WebApplicationEndBehavior.php (25)
in C:\wamp\www\CollegeCorner_Ver_2.0\index.php (28)
in C:\wamp\www\CollegeCorner_Ver_2.0\index.php (28)
2015/12/27 01:35:08 [log] [application] Mail sent via non-reply@collegecornerstone.com
in C:\wamp\www\CollegeCorner_Ver_2.0\protected\components\Emailer.php (74)
in C:\wamp\www\CollegeCorner_Ver_2.0\protected\modules\account\models\forms\StudentRegisterForm.php (127)
in C:\wamp\www\CollegeCorner_Ver_2.0\protected\modules\account\controllers\front\RegisterController.php (69)
in C:\wamp\www\CollegeCorner_Ver_2.0\protected\components\WebApplicationEndBehavior.php (25)
in C:\wamp\www\CollegeCorner_Ver_2.0\index.php (28)
in C:\wamp\www\CollegeCorner_Ver_2.0\index.php (28)
2015/12/27 01:35:08 [log] [application] Mail sent successfully to mntrentadue@gmail.com
in C:\wamp\www\CollegeCorner_Ver_2.0\protected\components\Emailer.php (75)
in C:\wamp\www\CollegeCorner_Ver_2.0\protected\modules\account\models\forms\StudentRegisterForm.php (127)
in C:\wamp\www\CollegeCorner_Ver_2.0\protected\modules\account\controllers\front\RegisterController.php (69)
in C:\wamp\www\CollegeCorner_Ver_2.0\protected\components\WebApplicationEndBehavior.php (25)
in C:\wamp\www\CollegeCorner_Ver_2.0\index.php (28)
in C:\wamp\www\CollegeCorner_Ver_2.0\index.php (28)
2015/12/27 01:37:16 [log] [application] Mail sent via non-reply@collegecornerstone.com
in C:\wamp\www\CollegeCorner_Ver_2.0\protected\components\Emailer.php (74)
in C:\wamp\www\CollegeCorner_Ver_2.0\protected\modules\account\models\forms\StudentRegisterForm.php (127)
in C:\wamp\www\CollegeCorner_Ver_2.0\protected\modules\account\controllers\front\RegisterController.php (69)
in C:\wamp\www\CollegeCorner_Ver_2.0\protected\components\WebApplicationEndBehavior.php (25)
in C:\wamp\www\CollegeCorner_Ver_2.0\index.php (28)
in C:\wamp\www\CollegeCorner_Ver_2.0\index.php (28)
2015/12/27 01:37:16 [log] [application] Mail sent successfully to mntrentadue@gmail.com
in C:\wamp\www\CollegeCorner_Ver_2.0\protected\components\Emailer.php (75)
in C:\wamp\www\CollegeCorner_Ver_2.0\protected\modules\account\models\forms\StudentRegisterForm.php (127)
in C:\wamp\www\CollegeCorner_Ver_2.0\protected\modules\account\controllers\front\RegisterController.php (69)
in C:\wamp\www\CollegeCorner_Ver_2.0\protected\components\WebApplicationEndBehavior.php (25)
in C:\wamp\www\CollegeCorner_Ver_2.0\index.php (28)
in C:\wamp\www\CollegeCorner_Ver_2.0\index.php (28)
2015/12/27 01:38:40 [log] [application] Mail sent via non-reply@collegecornerstone.com
in C:\wamp\www\CollegeCorner_Ver_2.0\protected\components\Emailer.php (74)
in C:\wamp\www\CollegeCorner_Ver_2.0\protected\modules\account\models\forms\StudentRegisterForm.php (127)
in C:\wamp\www\CollegeCorner_Ver_2.0\protected\modules\account\controllers\front\RegisterController.php (69)
in C:\wamp\www\CollegeCorner_Ver_2.0\protected\components\WebApplicationEndBehavior.php (25)
in C:\wamp\www\CollegeCorner_Ver_2.0\index.php (28)
in C:\wamp\www\CollegeCorner_Ver_2.0\index.php (28)
2015/12/27 01:38:40 [log] [application] Mail sent successfully to mntrentadue@gmail.com
in C:\wamp\www\CollegeCorner_Ver_2.0\protected\components\Emailer.php (75)
in C:\wamp\www\CollegeCorner_Ver_2.0\protected\modules\account\models\forms\StudentRegisterForm.php (127)
in C:\wamp\www\CollegeCorner_Ver_2.0\protected\modules\account\controllers\front\RegisterController.php (69)
in C:\wamp\www\CollegeCorner_Ver_2.0\protected\components\WebApplicationEndBehavior.php (25)
in C:\wamp\www\CollegeCorner_Ver_2.0\index.php (28)
in C:\wamp\www\CollegeCorner_Ver_2.0\index.php (28)
2015/12/27 01:39:31 [log] [application] Mail sent via non-reply@collegecornerstone.com
in C:\wamp\www\CollegeCorner_Ver_2.0\protected\components\Emailer.php (74)
in C:\wamp\www\CollegeCorner_Ver_2.0\protected\modules\account\models\forms\StudentRegisterForm.php (127)
in C:\wamp\www\CollegeCorner_Ver_2.0\protected\modules\account\controllers\front\RegisterController.php (69)
in C:\wamp\www\CollegeCorner_Ver_2.0\protected\components\WebApplicationEndBehavior.php (25)
in C:\wamp\www\CollegeCorner_Ver_2.0\index.php (28)
in C:\wamp\www\CollegeCorner_Ver_2.0\index.php (28)
2015/12/27 01:39:31 [log] [application] Mail sent successfully to mntrentadue@gmail.com
in C:\wamp\www\CollegeCorner_Ver_2.0\protected\components\Emailer.php (75)
in C:\wamp\www\CollegeCorner_Ver_2.0\protected\modules\account\models\forms\StudentRegisterForm.php (127)
in C:\wamp\www\CollegeCorner_Ver_2.0\protected\modules\account\controllers\front\RegisterController.php (69)
in C:\wamp\www\CollegeCorner_Ver_2.0\protected\components\WebApplicationEndBehavior.php (25)
in C:\wamp\www\CollegeCorner_Ver_2.0\index.php (28)
in C:\wamp\www\CollegeCorner_Ver_2.0\index.php (28)
2015/12/27 02:01:41 [log] [application] Mail sent via non-reply@collegecornerstone.com
in C:\wamp\www\CollegeCorner_Ver_2.0\protected\components\Emailer.php (74)
in C:\wamp\www\CollegeCorner_Ver_2.0\protected\modules\account\models\forms\StudentRegisterForm.php (127)
in C:\wamp\www\CollegeCorner_Ver_2.0\protected\modules\account\controllers\front\RegisterController.php (69)
in C:\wamp\www\CollegeCorner_Ver_2.0\protected\components\WebApplicationEndBehavior.php (25)
in C:\wamp\www\CollegeCorner_Ver_2.0\index.php (28)
in C:\wamp\www\CollegeCorner_Ver_2.0\index.php (28)
2015/12/27 02:01:41 [log] [application] Mail sent successfully to mntrentadue@gmail.com
in C:\wamp\www\CollegeCorner_Ver_2.0\protected\components\Emailer.php (75)
in C:\wamp\www\CollegeCorner_Ver_2.0\protected\modules\account\models\forms\StudentRegisterForm.php (127)
in C:\wamp\www\CollegeCorner_Ver_2.0\protected\modules\account\controllers\front\RegisterController.php (69)
in C:\wamp\www\CollegeCorner_Ver_2.0\protected\components\WebApplicationEndBehavior.php (25)
in C:\wamp\www\CollegeCorner_Ver_2.0\index.php (28)
in C:\wamp\www\CollegeCorner_Ver_2.0\index.php (28)
2015/12/27 02:06:17 [log] [application] Mail sent via non-reply@collegecornerstone.com
in C:\wamp\www\CollegeCorner_Ver_2.0\protected\components\Emailer.php (74)
in C:\wamp\www\CollegeCorner_Ver_2.0\protected\modules\account\models\forms\StudentRegisterForm.php (127)
in C:\wamp\www\CollegeCorner_Ver_2.0\protected\modules\account\controllers\front\RegisterController.php (69)
in C:\wamp\www\CollegeCorner_Ver_2.0\protected\components\WebApplicationEndBehavior.php (25)
in C:\wamp\www\CollegeCorner_Ver_2.0\index.php (28)
in C:\wamp\www\CollegeCorner_Ver_2.0\index.php (28)
2015/12/27 02:06:17 [log] [application] Mail sent successfully to mntrentadue@gmail.com
in C:\wamp\www\CollegeCorner_Ver_2.0\protected\components\Emailer.php (75)
in C:\wamp\www\CollegeCorner_Ver_2.0\protected\modules\account\models\forms\StudentRegisterForm.php (127)
in C:\wamp\www\CollegeCorner_Ver_2.0\protected\modules\account\controllers\front\RegisterController.php (69)
in C:\wamp\www\CollegeCorner_Ver_2.0\protected\components\WebApplicationEndBehavior.php (25)
in C:\wamp\www\CollegeCorner_Ver_2.0\index.php (28)
in C:\wamp\www\CollegeCorner_Ver_2.0\index.php (28)
2015/12/27 02:08:32 [log] [application] Mail sent via non-reply@collegecornerstone.com
in C:\wamp\www\CollegeCorner_Ver_2.0\protected\components\Emailer.php (74)
in C:\wamp\www\CollegeCorner_Ver_2.0\protected\modules\account\models\forms\StudentRegisterForm.php (127)
in C:\wamp\www\CollegeCorner_Ver_2.0\protected\modules\account\controllers\front\RegisterController.php (69)
in C:\wamp\www\CollegeCorner_Ver_2.0\protected\components\WebApplicationEndBehavior.php (25)
in C:\wamp\www\CollegeCorner_Ver_2.0\index.php (28)
in C:\wamp\www\CollegeCorner_Ver_2.0\index.php (28)
2015/12/27 02:08:32 [log] [application] Mail sent successfully to mntrentadue@gmail.com
in C:\wamp\www\CollegeCorner_Ver_2.0\protected\components\Emailer.php (75)
in C:\wamp\www\CollegeCorner_Ver_2.0\protected\modules\account\models\forms\StudentRegisterForm.php (127)
in C:\wamp\www\CollegeCorner_Ver_2.0\protected\modules\account\controllers\front\RegisterController.php (69)
in C:\wamp\www\CollegeCorner_Ver_2.0\protected\components\WebApplicationEndBehavior.php (25)
in C:\wamp\www\CollegeCorner_Ver_2.0\index.php (28)
in C:\wamp\www\CollegeCorner_Ver_2.0\index.php (28)
2015/12/27 02:11:19 [log] [application] Mail sent via non-reply@collegecornerstone.com
in C:\wamp\www\CollegeCorner_Ver_2.0\protected\components\Emailer.php (74)
in C:\wamp\www\CollegeCorner_Ver_2.0\protected\modules\account\models\forms\StudentRegisterForm.php (127)
in C:\wamp\www\CollegeCorner_Ver_2.0\protected\modules\account\controllers\front\RegisterController.php (69)
in C:\wamp\www\CollegeCorner_Ver_2.0\protected\components\WebApplicationEndBehavior.php (25)
in C:\wamp\www\CollegeCorner_Ver_2.0\index.php (28)
in C:\wamp\www\CollegeCorner_Ver_2.0\index.php (28)
2015/12/27 02:11:19 [log] [application] Mail sent successfully to mntrentadue@gmail.com
in C:\wamp\www\CollegeCorner_Ver_2.0\protected\components\Emailer.php (75)
in C:\wamp\www\CollegeCorner_Ver_2.0\protected\modules\account\models\forms\StudentRegisterForm.php (127)
in C:\wamp\www\CollegeCorner_Ver_2.0\protected\modules\account\controllers\front\RegisterController.php (69)
in C:\wamp\www\CollegeCorner_Ver_2.0\protected\components\WebApplicationEndBehavior.php (25)
in C:\wamp\www\CollegeCorner_Ver_2.0\index.php (28)
in C:\wamp\www\CollegeCorner_Ver_2.0\index.php (28)
2015/12/27 02:17:28 [log] [application] Mail sent via non-reply@collegecornerstone.com
in C:\wamp\www\CollegeCorner_Ver_2.0\protected\components\Emailer.php (74)
in C:\wamp\www\CollegeCorner_Ver_2.0\protected\modules\account\models\forms\StudentRegisterForm.php (127)
in C:\wamp\www\CollegeCorner_Ver_2.0\protected\modules\account\controllers\front\RegisterController.php (69)
in C:\wamp\www\CollegeCorner_Ver_2.0\protected\components\WebApplicationEndBehavior.php (25)
in C:\wamp\www\CollegeCorner_Ver_2.0\index.php (28)
in C:\wamp\www\CollegeCorner_Ver_2.0\index.php (28)
2015/12/27 02:17:28 [log] [application] Mail sent successfully to mntrentadue@gmail.com
in C:\wamp\www\CollegeCorner_Ver_2.0\protected\components\Emailer.php (75)
in C:\wamp\www\CollegeCorner_Ver_2.0\protected\modules\account\models\forms\StudentRegisterForm.php (127)
in C:\wamp\www\CollegeCorner_Ver_2.0\protected\modules\account\controllers\front\RegisterController.php (69)
in C:\wamp\www\CollegeCorner_Ver_2.0\protected\components\WebApplicationEndBehavior.php (25)
in C:\wamp\www\CollegeCorner_Ver_2.0\index.php (28)
in C:\wamp\www\CollegeCorner_Ver_2.0\index.php (28)
2015/12/27 15:13:34 [log] [application] Mail sent via non-reply@collegecornerstone.com
in C:\wamp\www\CollegeCorner_Ver_2.0\protected\components\Emailer.php (74)
in C:\wamp\www\CollegeCorner_Ver_2.0\protected\modules\account\models\forms\StudentRegisterForm.php (127)
in C:\wamp\www\CollegeCorner_Ver_2.0\protected\modules\account\controllers\front\RegisterController.php (69)
in C:\wamp\www\CollegeCorner_Ver_2.0\protected\components\WebApplicationEndBehavior.php (25)
in C:\wamp\www\CollegeCorner_Ver_2.0\index.php (28)
in C:\wamp\www\CollegeCorner_Ver_2.0\index.php (28)
2015/12/27 15:13:34 [log] [application] Mail sent successfully to mntrentadue@gmail.com
in C:\wamp\www\CollegeCorner_Ver_2.0\protected\components\Emailer.php (75)
in C:\wamp\www\CollegeCorner_Ver_2.0\protected\modules\account\models\forms\StudentRegisterForm.php (127)
in C:\wamp\www\CollegeCorner_Ver_2.0\protected\modules\account\controllers\front\RegisterController.php (69)
in C:\wamp\www\CollegeCorner_Ver_2.0\protected\components\WebApplicationEndBehavior.php (25)
in C:\wamp\www\CollegeCorner_Ver_2.0\index.php (28)
in C:\wamp\www\CollegeCorner_Ver_2.0\index.php (28)
2015/12/27 19:11:36 [log] [application] Mail sent via non-reply@collegecornerstone.com
in C:\wamp\www\CollegeCorner_Ver_2.0\protected\components\Emailer.php (74)
in C:\wamp\www\CollegeCorner_Ver_2.0\protected\modules\account\models\forms\StudentRegisterForm.php (127)
in C:\wamp\www\CollegeCorner_Ver_2.0\protected\modules\account\controllers\front\RegisterController.php (69)
in C:\wamp\www\CollegeCorner_Ver_2.0\protected\components\WebApplicationEndBehavior.php (25)
in C:\wamp\www\CollegeCorner_Ver_2.0\index.php (28)
in C:\wamp\www\CollegeCorner_Ver_2.0\index.php (28)
2015/12/27 19:11:36 [log] [application] Mail sent successfully to mntrentadue@gmail.com
in C:\wamp\www\CollegeCorner_Ver_2.0\protected\components\Emailer.php (75)
in C:\wamp\www\CollegeCorner_Ver_2.0\protected\modules\account\models\forms\StudentRegisterForm.php (127)
in C:\wamp\www\CollegeCorner_Ver_2.0\protected\modules\account\controllers\front\RegisterController.php (69)
in C:\wamp\www\CollegeCorner_Ver_2.0\protected\components\WebApplicationEndBehavior.php (25)
in C:\wamp\www\CollegeCorner_Ver_2.0\index.php (28)
in C:\wamp\www\CollegeCorner_Ver_2.0\index.php (28)
2015/12/27 19:17:45 [log] [application] Mail sent via non-reply@collegecornerstone.com
in C:\wamp\www\CollegeCorner_Ver_2.0\protected\components\Emailer.php (74)
in C:\wamp\www\CollegeCorner_Ver_2.0\protected\modules\account\models\forms\StudentRegisterForm.php (127)
in C:\wamp\www\CollegeCorner_Ver_2.0\protected\modules\account\controllers\front\RegisterController.php (69)
in C:\wamp\www\CollegeCorner_Ver_2.0\protected\components\WebApplicationEndBehavior.php (25)
in C:\wamp\www\CollegeCorner_Ver_2.0\index.php (28)
in C:\wamp\www\CollegeCorner_Ver_2.0\index.php (28)
2015/12/27 19:17:45 [log] [application] Mail sent successfully to mntrentadue@gmail.com
in C:\wamp\www\CollegeCorner_Ver_2.0\protected\components\Emailer.php (75)
in C:\wamp\www\CollegeCorner_Ver_2.0\protected\modules\account\models\forms\StudentRegisterForm.php (127)
in C:\wamp\www\CollegeCorner_Ver_2.0\protected\modules\account\controllers\front\RegisterController.php (69)
in C:\wamp\www\CollegeCorner_Ver_2.0\protected\components\WebApplicationEndBehavior.php (25)
in C:\wamp\www\CollegeCorner_Ver_2.0\index.php (28)
in C:\wamp\www\CollegeCorner_Ver_2.0\index.php (28)
2015/12/27 19:19:40 [log] [application] Mail sent via non-reply@collegecornerstone.com
in C:\wamp\www\CollegeCorner_Ver_2.0\protected\components\Emailer.php (74)
in C:\wamp\www\CollegeCorner_Ver_2.0\protected\modules\account\models\forms\StudentRegisterForm.php (127)
in C:\wamp\www\CollegeCorner_Ver_2.0\protected\modules\account\controllers\front\RegisterController.php (69)
in C:\wamp\www\CollegeCorner_Ver_2.0\protected\components\WebApplicationEndBehavior.php (25)
in C:\wamp\www\CollegeCorner_Ver_2.0\index.php (28)
in C:\wamp\www\CollegeCorner_Ver_2.0\index.php (28)
2015/12/27 19:19:40 [log] [application] Mail sent successfully to mntrentadue@gmail.com
in C:\wamp\www\CollegeCorner_Ver_2.0\protected\components\Emailer.php (75)
in C:\wamp\www\CollegeCorner_Ver_2.0\protected\modules\account\models\forms\StudentRegisterForm.php (127)
in C:\wamp\www\CollegeCorner_Ver_2.0\protected\modules\account\controllers\front\RegisterController.php (69)
in C:\wamp\www\CollegeCorner_Ver_2.0\protected\components\WebApplicationEndBehavior.php (25)
in C:\wamp\www\CollegeCorner_Ver_2.0\index.php (28)
in C:\wamp\www\CollegeCorner_Ver_2.0\index.php (28)
2015/12/27 19:24:35 [log] [application] Mail sent via non-reply@collegecornerstone.com
in C:\wamp\www\CollegeCorner_Ver_2.0\protected\components\Emailer.php (74)
in C:\wamp\www\CollegeCorner_Ver_2.0\protected\modules\account\models\forms\StudentRegisterForm.php (127)
in C:\wamp\www\CollegeCorner_Ver_2.0\protected\modules\account\controllers\front\RegisterController.php (69)
in C:\wamp\www\CollegeCorner_Ver_2.0\protected\components\WebApplicationEndBehavior.php (25)
in C:\wamp\www\CollegeCorner_Ver_2.0\index.php (28)
in C:\wamp\www\CollegeCorner_Ver_2.0\index.php (28)
2015/12/27 19:24:35 [log] [application] Mail sent successfully to mntrentadue@gmail.com
in C:\wamp\www\CollegeCorner_Ver_2.0\protected\components\Emailer.php (75)
in C:\wamp\www\CollegeCorner_Ver_2.0\protected\modules\account\models\forms\StudentRegisterForm.php (127)
in C:\wamp\www\CollegeCorner_Ver_2.0\protected\modules\account\controllers\front\RegisterController.php (69)
in C:\wamp\www\CollegeCorner_Ver_2.0\protected\components\WebApplicationEndBehavior.php (25)
in C:\wamp\www\CollegeCorner_Ver_2.0\index.php (28)
in C:\wamp\www\CollegeCorner_Ver_2.0\index.php (28)
2015/12/27 20:00:54 [log] [application] Mail sent via non-reply@collegecornerstone.com
in C:\wamp\www\CollegeCorner_Ver_2.0\protected\components\Emailer.php (74)
in C:\wamp\www\CollegeCorner_Ver_2.0\protected\modules\account\models\forms\StudentRegisterForm.php (127)
in C:\wamp\www\CollegeCorner_Ver_2.0\protected\modules\account\controllers\front\RegisterController.php (69)
in C:\wamp\www\CollegeCorner_Ver_2.0\protected\components\WebApplicationEndBehavior.php (25)
in C:\wamp\www\CollegeCorner_Ver_2.0\index.php (28)
in C:\wamp\www\CollegeCorner_Ver_2.0\index.php (28)
2015/12/27 20:00:54 [log] [application] Mail sent successfully to mntrentadue@gmail.com
in C:\wamp\www\CollegeCorner_Ver_2.0\protected\components\Emailer.php (75)
in C:\wamp\www\CollegeCorner_Ver_2.0\protected\modules\account\models\forms\StudentRegisterForm.php (127)
in C:\wamp\www\CollegeCorner_Ver_2.0\protected\modules\account\controllers\front\RegisterController.php (69)
in C:\wamp\www\CollegeCorner_Ver_2.0\protected\components\WebApplicationEndBehavior.php (25)
in C:\wamp\www\CollegeCorner_Ver_2.0\index.php (28)
in C:\wamp\www\CollegeCorner_Ver_2.0\index.php (28)
2015/12/27 20:06:43 [log] [application] Mail sent via non-reply@collegecornerstone.com
in C:\wamp\www\CollegeCorner_Ver_2.0\protected\components\Emailer.php (74)
in C:\wamp\www\CollegeCorner_Ver_2.0\protected\modules\account\models\forms\StudentRegisterForm.php (127)
in C:\wamp\www\CollegeCorner_Ver_2.0\protected\modules\account\controllers\front\RegisterController.php (69)
in C:\wamp\www\CollegeCorner_Ver_2.0\protected\components\WebApplicationEndBehavior.php (25)
in C:\wamp\www\CollegeCorner_Ver_2.0\index.php (28)
in C:\wamp\www\CollegeCorner_Ver_2.0\index.php (28)
2015/12/27 20:06:43 [log] [application] Mail sent successfully to mntrentadue@gmail.com
in C:\wamp\www\CollegeCorner_Ver_2.0\protected\components\Emailer.php (75)
in C:\wamp\www\CollegeCorner_Ver_2.0\protected\modules\account\models\forms\StudentRegisterForm.php (127)
in C:\wamp\www\CollegeCorner_Ver_2.0\protected\modules\account\controllers\front\RegisterController.php (69)
in C:\wamp\www\CollegeCorner_Ver_2.0\protected\components\WebApplicationEndBehavior.php (25)
in C:\wamp\www\CollegeCorner_Ver_2.0\index.php (28)
in C:\wamp\www\CollegeCorner_Ver_2.0\index.php (28)
2015/12/27 20:08:45 [log] [application] Mail sent via non-reply@collegecornerstone.com
in C:\wamp\www\CollegeCorner_Ver_2.0\protected\components\Emailer.php (74)
in C:\wamp\www\CollegeCorner_Ver_2.0\protected\modules\account\models\forms\StudentRegisterForm.php (127)
in C:\wamp\www\CollegeCorner_Ver_2.0\protected\modules\account\controllers\front\RegisterController.php (69)
in C:\wamp\www\CollegeCorner_Ver_2.0\protected\components\WebApplicationEndBehavior.php (25)
in C:\wamp\www\CollegeCorner_Ver_2.0\index.php (28)
in C:\wamp\www\CollegeCorner_Ver_2.0\index.php (28)
2015/12/27 20:08:45 [log] [application] Mail sent successfully to mntrentadue@gmail.com
in C:\wamp\www\CollegeCorner_Ver_2.0\protected\components\Emailer.php (75)
in C:\wamp\www\CollegeCorner_Ver_2.0\protected\modules\account\models\forms\StudentRegisterForm.php (127)
in C:\wamp\www\CollegeCorner_Ver_2.0\protected\modules\account\controllers\front\RegisterController.php (69)
in C:\wamp\www\CollegeCorner_Ver_2.0\protected\components\WebApplicationEndBehavior.php (25)
in C:\wamp\www\CollegeCorner_Ver_2.0\index.php (28)
in C:\wamp\www\CollegeCorner_Ver_2.0\index.php (28)
2015/12/27 20:11:22 [log] [application] Mail sent via non-reply@collegecornerstone.com
in C:\wamp\www\CollegeCorner_Ver_2.0\protected\components\Emailer.php (74)
in C:\wamp\www\CollegeCorner_Ver_2.0\protected\modules\account\models\forms\StudentRegisterForm.php (127)
in C:\wamp\www\CollegeCorner_Ver_2.0\protected\modules\account\controllers\front\RegisterController.php (69)
in C:\wamp\www\CollegeCorner_Ver_2.0\protected\components\WebApplicationEndBehavior.php (25)
in C:\wamp\www\CollegeCorner_Ver_2.0\index.php (28)
in C:\wamp\www\CollegeCorner_Ver_2.0\index.php (28)
2015/12/27 20:11:22 [log] [application] Mail sent successfully to mntrentadue@gmail.com
in C:\wamp\www\CollegeCorner_Ver_2.0\protected\components\Emailer.php (75)
in C:\wamp\www\CollegeCorner_Ver_2.0\protected\modules\account\models\forms\StudentRegisterForm.php (127)
in C:\wamp\www\CollegeCorner_Ver_2.0\protected\modules\account\controllers\front\RegisterController.php (69)
in C:\wamp\www\CollegeCorner_Ver_2.0\protected\components\WebApplicationEndBehavior.php (25)
in C:\wamp\www\CollegeCorner_Ver_2.0\index.php (28)
in C:\wamp\www\CollegeCorner_Ver_2.0\index.php (28)
2015/12/27 20:18:37 [log] [application] Mail sent via non-reply@collegecornerstone.com
in C:\wamp\www\CollegeCorner_Ver_2.0\protected\components\Emailer.php (74)
in C:\wamp\www\CollegeCorner_Ver_2.0\protected\modules\account\models\forms\StudentRegisterForm.php (127)
in C:\wamp\www\CollegeCorner_Ver_2.0\protected\modules\account\controllers\front\RegisterController.php (69)
in C:\wamp\www\CollegeCorner_Ver_2.0\protected\components\WebApplicationEndBehavior.php (25)
in C:\wamp\www\CollegeCorner_Ver_2.0\index.php (28)
in C:\wamp\www\CollegeCorner_Ver_2.0\index.php (28)
2015/12/27 20:18:37 [log] [application] Mail sent successfully to mntrentadue@gmail.com
in C:\wamp\www\CollegeCorner_Ver_2.0\protected\components\Emailer.php (75)
in C:\wamp\www\CollegeCorner_Ver_2.0\protected\modules\account\models\forms\StudentRegisterForm.php (127)
in C:\wamp\www\CollegeCorner_Ver_2.0\protected\modules\account\controllers\front\RegisterController.php (69)
in C:\wamp\www\CollegeCorner_Ver_2.0\protected\components\WebApplicationEndBehavior.php (25)
in C:\wamp\www\CollegeCorner_Ver_2.0\index.php (28)
in C:\wamp\www\CollegeCorner_Ver_2.0\index.php (28)
2015/12/27 20:20:25 [log] [application] Mail sent via non-reply@collegecornerstone.com
in C:\wamp\www\CollegeCorner_Ver_2.0\protected\components\Emailer.php (74)
in C:\wamp\www\CollegeCorner_Ver_2.0\protected\modules\account\models\forms\StudentRegisterForm.php (127)
in C:\wamp\www\CollegeCorner_Ver_2.0\protected\modules\account\controllers\front\RegisterController.php (69)
in C:\wamp\www\CollegeCorner_Ver_2.0\protected\components\WebApplicationEndBehavior.php (25)
in C:\wamp\www\CollegeCorner_Ver_2.0\index.php (28)
in C:\wamp\www\CollegeCorner_Ver_2.0\index.php (28)
2015/12/27 20:20:25 [log] [application] Mail sent successfully to mntrentadue@gmail.com
in C:\wamp\www\CollegeCorner_Ver_2.0\protected\components\Emailer.php (75)
in C:\wamp\www\CollegeCorner_Ver_2.0\protected\modules\account\models\forms\StudentRegisterForm.php (127)
in C:\wamp\www\CollegeCorner_Ver_2.0\protected\modules\account\controllers\front\RegisterController.php (69)
in C:\wamp\www\CollegeCorner_Ver_2.0\protected\components\WebApplicationEndBehavior.php (25)
in C:\wamp\www\CollegeCorner_Ver_2.0\index.php (28)
in C:\wamp\www\CollegeCorner_Ver_2.0\index.php (28)
2015/12/27 20:25:38 [log] [application] Mail sent via non-reply@collegecornerstone.com
in C:\wamp\www\CollegeCorner_Ver_2.0\protected\components\Emailer.php (74)
in C:\wamp\www\CollegeCorner_Ver_2.0\protected\modules\account\models\forms\StudentRegisterForm.php (127)
in C:\wamp\www\CollegeCorner_Ver_2.0\protected\modules\account\controllers\front\RegisterController.php (69)
in C:\wamp\www\CollegeCorner_Ver_2.0\protected\components\WebApplicationEndBehavior.php (25)
in C:\wamp\www\CollegeCorner_Ver_2.0\index.php (28)
in C:\wamp\www\CollegeCorner_Ver_2.0\index.php (28)
2015/12/27 20:25:38 [log] [application] Mail sent successfully to mntrentadue@gmail.com
in C:\wamp\www\CollegeCorner_Ver_2.0\protected\components\Emailer.php (75)
in C:\wamp\www\CollegeCorner_Ver_2.0\protected\modules\account\models\forms\StudentRegisterForm.php (127)
in C:\wamp\www\CollegeCorner_Ver_2.0\protected\modules\account\controllers\front\RegisterController.php (69)
in C:\wamp\www\CollegeCorner_Ver_2.0\protected\components\WebApplicationEndBehavior.php (25)
in C:\wamp\www\CollegeCorner_Ver_2.0\index.php (28)
in C:\wamp\www\CollegeCorner_Ver_2.0\index.php (28)
2015/12/27 20:30:17 [log] [application] Mail sent via non-reply@collegecornerstone.com
in C:\wamp\www\CollegeCorner_Ver_2.0\protected\components\Emailer.php (74)
in C:\wamp\www\CollegeCorner_Ver_2.0\protected\modules\account\models\forms\StudentRegisterForm.php (127)
in C:\wamp\www\CollegeCorner_Ver_2.0\protected\modules\account\controllers\front\RegisterController.php (69)
in C:\wamp\www\CollegeCorner_Ver_2.0\protected\components\WebApplicationEndBehavior.php (25)
in C:\wamp\www\CollegeCorner_Ver_2.0\index.php (28)
in C:\wamp\www\CollegeCorner_Ver_2.0\index.php (28)
2015/12/27 20:30:17 [log] [application] Mail sent successfully to mntrentadue@gmail.com
in C:\wamp\www\CollegeCorner_Ver_2.0\protected\components\Emailer.php (75)
in C:\wamp\www\CollegeCorner_Ver_2.0\protected\modules\account\models\forms\StudentRegisterForm.php (127)
in C:\wamp\www\CollegeCorner_Ver_2.0\protected\modules\account\controllers\front\RegisterController.php (69)
in C:\wamp\www\CollegeCorner_Ver_2.0\protected\components\WebApplicationEndBehavior.php (25)
in C:\wamp\www\CollegeCorner_Ver_2.0\index.php (28)
in C:\wamp\www\CollegeCorner_Ver_2.0\index.php (28)
2015/12/27 20:40:10 [log] [application] Mail sent via non-reply@collegecornerstone.com
in C:\wamp\www\CollegeCorner_Ver_2.0\protected\components\Emailer.php (74)
in C:\wamp\www\CollegeCorner_Ver_2.0\protected\modules\account\models\forms\StudentRegisterForm.php (127)
in C:\wamp\www\CollegeCorner_Ver_2.0\protected\modules\account\controllers\front\RegisterController.php (69)
in C:\wamp\www\CollegeCorner_Ver_2.0\protected\components\WebApplicationEndBehavior.php (25)
in C:\wamp\www\CollegeCorner_Ver_2.0\index.php (28)
in C:\wamp\www\CollegeCorner_Ver_2.0\index.php (28)
2015/12/27 20:40:10 [log] [application] Mail sent successfully to mntrentadue@gmail.com
in C:\wamp\www\CollegeCorner_Ver_2.0\protected\components\Emailer.php (75)
in C:\wamp\www\CollegeCorner_Ver_2.0\protected\modules\account\models\forms\StudentRegisterForm.php (127)
in C:\wamp\www\CollegeCorner_Ver_2.0\protected\modules\account\controllers\front\RegisterController.php (69)
in C:\wamp\www\CollegeCorner_Ver_2.0\protected\components\WebApplicationEndBehavior.php (25)
in C:\wamp\www\CollegeCorner_Ver_2.0\index.php (28)
in C:\wamp\www\CollegeCorner_Ver_2.0\index.php (28)
2015/12/27 20:42:14 [log] [application] Mail sent via non-reply@collegecornerstone.com
in C:\wamp\www\CollegeCorner_Ver_2.0\protected\components\Emailer.php (74)
in C:\wamp\www\CollegeCorner_Ver_2.0\protected\modules\account\models\forms\StudentRegisterForm.php (127)
in C:\wamp\www\CollegeCorner_Ver_2.0\protected\modules\account\controllers\front\RegisterController.php (69)
in C:\wamp\www\CollegeCorner_Ver_2.0\protected\components\WebApplicationEndBehavior.php (25)
in C:\wamp\www\CollegeCorner_Ver_2.0\index.php (28)
in C:\wamp\www\CollegeCorner_Ver_2.0\index.php (28)
2015/12/27 20:42:14 [log] [application] Mail sent successfully to mntrentadue@gmail.com
in C:\wamp\www\CollegeCorner_Ver_2.0\protected\components\Emailer.php (75)
in C:\wamp\www\CollegeCorner_Ver_2.0\protected\modules\account\models\forms\StudentRegisterForm.php (127)
in C:\wamp\www\CollegeCorner_Ver_2.0\protected\modules\account\controllers\front\RegisterController.php (69)
in C:\wamp\www\CollegeCorner_Ver_2.0\protected\components\WebApplicationEndBehavior.php (25)
in C:\wamp\www\CollegeCorner_Ver_2.0\index.php (28)
in C:\wamp\www\CollegeCorner_Ver_2.0\index.php (28)
2015/12/27 20:48:34 [log] [application] Mail sent via non-reply@collegecornerstone.com
in C:\wamp\www\CollegeCorner_Ver_2.0\protected\components\Emailer.php (74)
in C:\wamp\www\CollegeCorner_Ver_2.0\protected\modules\account\models\forms\StudentRegisterForm.php (127)
in C:\wamp\www\CollegeCorner_Ver_2.0\protected\modules\account\controllers\front\RegisterController.php (69)
in C:\wamp\www\CollegeCorner_Ver_2.0\protected\components\WebApplicationEndBehavior.php (25)
in C:\wamp\www\CollegeCorner_Ver_2.0\index.php (28)
in C:\wamp\www\CollegeCorner_Ver_2.0\index.php (28)
2015/12/27 20:48:34 [log] [application] Mail sent successfully to mntrentadue@gmail.com
in C:\wamp\www\CollegeCorner_Ver_2.0\protected\components\Emailer.php (75)
in C:\wamp\www\CollegeCorner_Ver_2.0\protected\modules\account\models\forms\StudentRegisterForm.php (127)
in C:\wamp\www\CollegeCorner_Ver_2.0\protected\modules\account\controllers\front\RegisterController.php (69)
in C:\wamp\www\CollegeCorner_Ver_2.0\protected\components\WebApplicationEndBehavior.php (25)
in C:\wamp\www\CollegeCorner_Ver_2.0\index.php (28)
in C:\wamp\www\CollegeCorner_Ver_2.0\index.php (28)
2015/12/27 21:57:20 [log] [application] Mail sent via non-reply@collegecornerstone.com
in C:\wamp\www\CollegeCorner_Ver_2.0\protected\components\Emailer.php (74)
in C:\wamp\www\CollegeCorner_Ver_2.0\protected\modules\account\models\forms\StudentRegisterForm.php (127)
in C:\wamp\www\CollegeCorner_Ver_2.0\protected\modules\account\controllers\front\RegisterController.php (69)
in C:\wamp\www\CollegeCorner_Ver_2.0\protected\components\WebApplicationEndBehavior.php (25)
in C:\wamp\www\CollegeCorner_Ver_2.0\index.php (28)
in C:\wamp\www\CollegeCorner_Ver_2.0\index.php (28)
2015/12/27 21:57:20 [log] [application] Mail sent successfully to mntrentadue@gmail.com
in C:\wamp\www\CollegeCorner_Ver_2.0\protected\components\Emailer.php (75)
in C:\wamp\www\CollegeCorner_Ver_2.0\protected\modules\account\models\forms\StudentRegisterForm.php (127)
in C:\wamp\www\CollegeCorner_Ver_2.0\protected\modules\account\controllers\front\RegisterController.php (69)
in C:\wamp\www\CollegeCorner_Ver_2.0\protected\components\WebApplicationEndBehavior.php (25)
in C:\wamp\www\CollegeCorner_Ver_2.0\index.php (28)
in C:\wamp\www\CollegeCorner_Ver_2.0\index.php (28)
2015/12/27 21:59:40 [log] [application] Mail sent via non-reply@collegecornerstone.com
in C:\wamp\www\CollegeCorner_Ver_2.0\protected\components\Emailer.php (74)
in C:\wamp\www\CollegeCorner_Ver_2.0\protected\modules\account\models\forms\StudentRegisterForm.php (127)
in C:\wamp\www\CollegeCorner_Ver_2.0\protected\modules\account\controllers\front\RegisterController.php (69)
in C:\wamp\www\CollegeCorner_Ver_2.0\protected\components\WebApplicationEndBehavior.php (25)
in C:\wamp\www\CollegeCorner_Ver_2.0\index.php (28)
in C:\wamp\www\CollegeCorner_Ver_2.0\index.php (28)
2015/12/27 21:59:40 [log] [application] Mail sent successfully to mntrentadue@gmail.com
in C:\wamp\www\CollegeCorner_Ver_2.0\protected\components\Emailer.php (75)
in C:\wamp\www\CollegeCorner_Ver_2.0\protected\modules\account\models\forms\StudentRegisterForm.php (127)
in C:\wamp\www\CollegeCorner_Ver_2.0\protected\modules\account\controllers\front\RegisterController.php (69)
in C:\wamp\www\CollegeCorner_Ver_2.0\protected\components\WebApplicationEndBehavior.php (25)
in C:\wamp\www\CollegeCorner_Ver_2.0\index.php (28)
in C:\wamp\www\CollegeCorner_Ver_2.0\index.php (28)
2015/12/27 22:01:49 [log] [application] Mail sent via non-reply@collegecornerstone.com
in C:\wamp\www\CollegeCorner_Ver_2.0\protected\components\Emailer.php (74)
in C:\wamp\www\CollegeCorner_Ver_2.0\protected\modules\account\models\forms\StudentRegisterForm.php (127)
in C:\wamp\www\CollegeCorner_Ver_2.0\protected\modules\account\controllers\front\RegisterController.php (69)
in C:\wamp\www\CollegeCorner_Ver_2.0\protected\components\WebApplicationEndBehavior.php (25)
in C:\wamp\www\CollegeCorner_Ver_2.0\index.php (28)
in C:\wamp\www\CollegeCorner_Ver_2.0\index.php (28)
2015/12/27 22:01:49 [log] [application] Mail sent successfully to mntrentadue@gmail.com
in C:\wamp\www\CollegeCorner_Ver_2.0\protected\components\Emailer.php (75)
in C:\wamp\www\CollegeCorner_Ver_2.0\protected\modules\account\models\forms\StudentRegisterForm.php (127)
in C:\wamp\www\CollegeCorner_Ver_2.0\protected\modules\account\controllers\front\RegisterController.php (69)
in C:\wamp\www\CollegeCorner_Ver_2.0\protected\components\WebApplicationEndBehavior.php (25)
in C:\wamp\www\CollegeCorner_Ver_2.0\index.php (28)
in C:\wamp\www\CollegeCorner_Ver_2.0\index.php (28)
2015/12/27 22:09:36 [log] [application] Mail sent via non-reply@collegecornerstone.com
in C:\wamp\www\CollegeCorner_Ver_2.0\protected\components\Emailer.php (74)
in C:\wamp\www\CollegeCorner_Ver_2.0\protected\modules\account\models\forms\StudentRegisterForm.php (127)
in C:\wamp\www\CollegeCorner_Ver_2.0\protected\modules\account\controllers\front\RegisterController.php (69)
in C:\wamp\www\CollegeCorner_Ver_2.0\protected\components\WebApplicationEndBehavior.php (25)
in C:\wamp\www\CollegeCorner_Ver_2.0\index.php (28)
in C:\wamp\www\CollegeCorner_Ver_2.0\index.php (28)
2015/12/27 22:09:36 [log] [application] Mail sent successfully to mntrentadue@gmail.com
in C:\wamp\www\CollegeCorner_Ver_2.0\protected\components\Emailer.php (75)
in C:\wamp\www\CollegeCorner_Ver_2.0\protected\modules\account\models\forms\StudentRegisterForm.php (127)
in C:\wamp\www\CollegeCorner_Ver_2.0\protected\modules\account\controllers\front\RegisterController.php (69)
in C:\wamp\www\CollegeCorner_Ver_2.0\protected\components\WebApplicationEndBehavior.php (25)
in C:\wamp\www\CollegeCorner_Ver_2.0\index.php (28)
in C:\wamp\www\CollegeCorner_Ver_2.0\index.php (28)
2015/12/28 00:43:36 [log] [application] Mail sent via non-reply@collegecornerstone.com
in C:\wamp\www\CollegeCorner_Ver_2.0\protected\components\Emailer.php (74)
in C:\wamp\www\CollegeCorner_Ver_2.0\protected\modules\account\models\forms\StudentRegisterForm.php (127)
in C:\wamp\www\CollegeCorner_Ver_2.0\protected\modules\account\controllers\front\RegisterController.php (69)
in C:\wamp\www\CollegeCorner_Ver_2.0\protected\components\WebApplicationEndBehavior.php (25)
in C:\wamp\www\CollegeCorner_Ver_2.0\index.php (28)
in C:\wamp\www\CollegeCorner_Ver_2.0\index.php (28)
2015/12/28 00:43:36 [log] [application] Mail sent successfully to mntrentadue@gmail.com
in C:\wamp\www\CollegeCorner_Ver_2.0\protected\components\Emailer.php (75)
in C:\wamp\www\CollegeCorner_Ver_2.0\protected\modules\account\models\forms\StudentRegisterForm.php (127)
in C:\wamp\www\CollegeCorner_Ver_2.0\protected\modules\account\controllers\front\RegisterController.php (69)
in C:\wamp\www\CollegeCorner_Ver_2.0\protected\components\WebApplicationEndBehavior.php (25)
in C:\wamp\www\CollegeCorner_Ver_2.0\index.php (28)
in C:\wamp\www\CollegeCorner_Ver_2.0\index.php (28)
2015/12/28 00:48:20 [log] [application] Mail sent via non-reply@collegecornerstone.com
in C:\wamp\www\CollegeCorner_Ver_2.0\protected\components\Emailer.php (74)
in C:\wamp\www\CollegeCorner_Ver_2.0\protected\modules\account\models\forms\StudentRegisterForm.php (127)
in C:\wamp\www\CollegeCorner_Ver_2.0\protected\modules\account\controllers\front\RegisterController.php (69)
in C:\wamp\www\CollegeCorner_Ver_2.0\protected\components\WebApplicationEndBehavior.php (25)
in C:\wamp\www\CollegeCorner_Ver_2.0\index.php (28)
in C:\wamp\www\CollegeCorner_Ver_2.0\index.php (28)
2015/12/28 00:48:20 [log] [application] Mail sent successfully to mntrentadue@gmail.com
in C:\wamp\www\CollegeCorner_Ver_2.0\protected\components\Emailer.php (75)
in C:\wamp\www\CollegeCorner_Ver_2.0\protected\modules\account\models\forms\StudentRegisterForm.php (127)
in C:\wamp\www\CollegeCorner_Ver_2.0\protected\modules\account\controllers\front\RegisterController.php (69)
in C:\wamp\www\CollegeCorner_Ver_2.0\protected\components\WebApplicationEndBehavior.php (25)
in C:\wamp\www\CollegeCorner_Ver_2.0\index.php (28)
in C:\wamp\www\CollegeCorner_Ver_2.0\index.php (28)
